
=== Tue Aug  4 16:28:43 2020

Packages were changed.
Update Mode: updateDependencies

The following packages were updated:
  com.unity.ads from version 2.0.8 to 3.4.7
  com.unity.ide.vscode from version 1.1.4 to 1.2.1
  com.unity.scriptablebuildpipeline from version 1.5.6 to 1.7.3
  com.unity.test-framework from version 1.1.11 to 1.1.14

=== Wed Aug 12 14:48:22 2020

Packages were changed.
Update Mode: updateDependencies

The following packages were added:
  com.unity.ide.visualstudio@2.0.2
The following packages were updated:
  com.unity.collab-proxy from version 1.2.16 to 1.3.8
  com.unity.ide.rider from version 1.1.4 to 1.2.1
  com.unity.inputsystem from version 1.0.0-preview.6 to 1.0.0
  com.unity.textmeshpro from version 2.0.1 to 3.0.1

=== Fri Aug 14 17:58:33 2020

Packages were changed.
Update Mode: resetToDefaultDependencies

The following packages were updated:
  com.unity.timeline from version 1.2.13 to 1.3.4
The following packages were removed:
  com.unity.2d.sprite@1.0.0
  com.unity.2d.tilemap@1.0.0
  com.unity.analytics@3.3.5
  com.unity.burst@1.1.2
  com.unity.entities@0.14.0-preview.18
  com.unity.inputsystem@1.0.0
  com.unity.jobs@0.2.6-preview.13
  com.unity.netcode@0.2.0-preview.5
  com.unity.purchasing@2.0.6
  com.unity.rendering.hybrid@0.8.0-preview.18
  com.unity.scriptablebuildpipeline@1.7.3
